  console.cpp
  menu.cpp
  Basic.cpp
  CoreUObject_functions.cpp
  Engine_functions.cpp
  OPP_functions.cpp
C:\Users\Beerymaid\source\repos\UniversalHookX\UniversalHookX\src\sdk\Basic.hpp(288,7): warning C4099: SDK::FName: имя типа, ранее отображенное с помощью "struct", теперь отображено с помощью "class"
  (компиляция исходного файла "src/sdk/CoreUObject_functions.cpp")
  C:\Users\Beerymaid\source\repos\UniversalHookX\UniversalHookX\src\sdk\Basic.hpp(288,7):
   см. объявление "SDK::FName"
  
C:\Users\Beerymaid\source\repos\UniversalHookX\UniversalHookX\src\sdk\Basic.hpp(288,7): warning C4099: SDK::FName: имя типа, ранее отображенное с помощью "struct", теперь отображено с помощью "class"
  (компиляция исходного файла "src/sdk/Engine_functions.cpp")
  C:\Users\Beerymaid\source\repos\UniversalHookX\UniversalHookX\src\sdk\Basic.hpp(288,7):
   см. объявление "SDK::FName"
  
C:\Users\Beerymaid\source\repos\UniversalHookX\UniversalHookX\src\sdk\Basic.hpp(850,2): warning C4369: "SDK::EClassFlags::NewerVersionExists": значение перечислителя "2147483648" не может быть представлено как "int", значение — "2147483648"
  (компиляция исходного файла "src/sdk/CoreUObject_functions.cpp")
  
C:\Users\Beerymaid\source\repos\UniversalHookX\UniversalHookX\src\sdk\Basic.hpp(850,2): warning C4369: "SDK::EClassFlags::NewerVersionExists": значение перечислителя "2147483648" не может быть представлено как "int", значение — "2147483648"
  (компиляция исходного файла "src/sdk/Engine_functions.cpp")
  
C:\Users\Beerymaid\source\repos\UniversalHookX\UniversalHookX\src\sdk\Basic.hpp(288,7): warning C4099: SDK::FName: имя типа, ранее отображенное с помощью "struct", теперь отображено с помощью "class"
  (компиляция исходного файла "src/sdk/OPP_functions.cpp")
  C:\Users\Beerymaid\source\repos\UniversalHookX\UniversalHookX\src\sdk\Basic.hpp(288,7):
   см. объявление "SDK::FName"
  
C:\Users\Beerymaid\source\repos\UniversalHookX\UniversalHookX\src\sdk\Basic.hpp(850,2): warning C4369: "SDK::EClassFlags::NewerVersionExists": значение перечислителя "2147483648" не может быть представлено как "int", значение — "2147483648"
  (компиляция исходного файла "src/sdk/OPP_functions.cpp")
  
C:\Users\Beerymaid\source\repos\UniversalHookX\UniversalHookX\src\sdk\Basic.hpp(288,7): warning C4099: SDK::FName: имя типа, ранее отображенное с помощью "struct", теперь отображено с помощью "class"
  (компиляция исходного файла "src/sdk/Basic.cpp")
  C:\Users\Beerymaid\source\repos\UniversalHookX\UniversalHookX\src\sdk\Basic.hpp(288,7):
   см. объявление "SDK::FName"
  
C:\Users\Beerymaid\source\repos\UniversalHookX\UniversalHookX\src\sdk\CoreUObject_structs.hpp(414,31): warning C4244: return: преобразование "double" в "SDK::FVector::UnderlayingType", возможна потеря данных
  (компиляция исходного файла "src/sdk/OPP_functions.cpp")
  
C:\Users\Beerymaid\source\repos\UniversalHookX\UniversalHookX\src\sdk\CoreUObject_structs.hpp(414,31): warning C4244: return: преобразование "double" в "SDK::FVector::UnderlayingType", возможна потеря данных
  (компиляция исходного файла "src/sdk/Engine_functions.cpp")
  
C:\Users\Beerymaid\source\repos\UniversalHookX\UniversalHookX\src\sdk\Basic.hpp(850,2): warning C4369: "SDK::EClassFlags::NewerVersionExists": значение перечислителя "2147483648" не может быть представлено как "int", значение — "2147483648"
  (компиляция исходного файла "src/sdk/Basic.cpp")
  
C:\Users\Beerymaid\source\repos\UniversalHookX\UniversalHookX\src\sdk\Engine_structs.hpp(1822,2): warning C4309: инициализация: усечение константного значения
  (компиляция исходного файла "src/sdk/OPP_functions.cpp")
  
C:\Users\Beerymaid\source\repos\UniversalHookX\UniversalHookX\src\sdk\Engine_structs.hpp(1822,2): warning C4369: "SDK::EHybridLightChannel::EHybridLightChannel_MAX": значение перечислителя "256" не может быть представлено как "unsigned char", значение — "256"
  (компиляция исходного файла "src/sdk/OPP_functions.cpp")
  
C:\Users\Beerymaid\source\repos\UniversalHookX\UniversalHookX\src\sdk\Engine_structs.hpp(1822,2): warning C4309: инициализация: усечение константного значения
  (компиляция исходного файла "src/sdk/Engine_functions.cpp")
  
C:\Users\Beerymaid\source\repos\UniversalHookX\UniversalHookX\src\sdk\Engine_structs.hpp(1822,2): warning C4369: "SDK::EHybridLightChannel::EHybridLightChannel_MAX": значение перечислителя "256" не может быть представлено как "unsigned char", значение — "256"
  (компиляция исходного файла "src/sdk/Engine_functions.cpp")
  
C:\Users\Beerymaid\source\repos\UniversalHookX\UniversalHookX\src\sdk\Engine_structs.hpp(4133,2): warning C4309: инициализация: усечение константного значения
  (компиляция исходного файла "src/sdk/OPP_functions.cpp")
  
C:\Users\Beerymaid\source\repos\UniversalHookX\UniversalHookX\src\sdk\Engine_structs.hpp(4133,2): warning C4369: "SDK::ESkinCacheUsage::ESkinCacheUsage_MAX": значение перечислителя "256" не может быть представлено как "unsigned char", значение — "256"
  (компиляция исходного файла "src/sdk/OPP_functions.cpp")
  
C:\Users\Beerymaid\source\repos\UniversalHookX\UniversalHookX\src\sdk\Engine_structs.hpp(4638,2): warning C4309: инициализация: усечение константного значения
  (компиляция исходного файла "src/sdk/OPP_functions.cpp")
  
C:\Users\Beerymaid\source\repos\UniversalHookX\UniversalHookX\src\sdk\Engine_structs.hpp(4638,2): warning C4369: "SDK::ESoundWaveLoadingBehavior::ESoundWaveLoadingBehavior_MAX": значение перечислителя "256" не может быть представлено как "unsigned char", значение — "256"
  (компиляция исходного файла "src/sdk/OPP_functions.cpp")
  
C:\Users\Beerymaid\source\repos\UniversalHookX\UniversalHookX\src\sdk\Engine_structs.hpp(4133,2): warning C4309: инициализация: усечение константного значения
  (компиляция исходного файла "src/sdk/Engine_functions.cpp")
  
C:\Users\Beerymaid\source\repos\UniversalHookX\UniversalHookX\src\sdk\Engine_structs.hpp(4133,2): warning C4369: "SDK::ESkinCacheUsage::ESkinCacheUsage_MAX": значение перечислителя "256" не может быть представлено как "unsigned char", значение — "256"
  (компиляция исходного файла "src/sdk/Engine_functions.cpp")
  
C:\Users\Beerymaid\source\repos\UniversalHookX\UniversalHookX\src\sdk\Engine_structs.hpp(4638,2): warning C4309: инициализация: усечение константного значения
  (компиляция исходного файла "src/sdk/Engine_functions.cpp")
  
C:\Users\Beerymaid\source\repos\UniversalHookX\UniversalHookX\src\sdk\Engine_structs.hpp(4638,2): warning C4369: "SDK::ESoundWaveLoadingBehavior::ESoundWaveLoadingBehavior_MAX": значение перечислителя "256" не может быть представлено как "unsigned char", значение — "256"
  (компиляция исходного файла "src/sdk/Engine_functions.cpp")
  
C:\Users\Beerymaid\source\repos\UniversalHookX\UniversalHookX\src\sdk\CoreUObject_structs.hpp(414,31): warning C4244: return: преобразование "double" в "SDK::FVector::UnderlayingType", возможна потеря данных
  (компиляция исходного файла "src/sdk/Basic.cpp")
  
C:\Users\Beerymaid\source\repos\UniversalHookX\UniversalHookX\src\sdk\Engine_classes.hpp(2904,114): warning C4099: SDK::FField: имя типа, ранее отображенное с помощью "class", теперь отображено с помощью "struct"
  (компиляция исходного файла "src/sdk/Engine_functions.cpp")
  C:\Users\Beerymaid\source\repos\UniversalHookX\UniversalHookX\src\sdk\Basic.hpp(1022,7):
   см. объявление "SDK::FField"
  
C:\Users\Beerymaid\source\repos\UniversalHookX\UniversalHookX\src\sdk\Engine_classes.hpp(2904,114): warning C4099: SDK::FField: имя типа, ранее отображенное с помощью "class", теперь отображено с помощью "struct"
  (компиляция исходного файла "src/sdk/OPP_functions.cpp")
  C:\Users\Beerymaid\source\repos\UniversalHookX\UniversalHookX\src\sdk\Basic.hpp(1022,7):
   см. объявление "SDK::FField"
  
C:\Users\Beerymaid\source\repos\UniversalHookX\UniversalHookX\src\sdk\Engine_parameters.hpp(9779,20): warning C4099: SDK::FField: имя типа, ранее отображенное с помощью "class", теперь отображено с помощью "struct"
  (компиляция исходного файла "src/sdk/Engine_functions.cpp")
  C:\Users\Beerymaid\source\repos\UniversalHookX\UniversalHookX\src\sdk\Basic.hpp(1022,7):
   см. объявление "SDK::FField"
  
C:\Users\Beerymaid\source\repos\UniversalHookX\UniversalHookX\src\sdk\AkAudio_structs.hpp(264,2): warning C4309: инициализация: усечение константного значения
  (компиляция исходного файла "src/sdk/OPP_functions.cpp")
  
C:\Users\Beerymaid\source\repos\UniversalHookX\UniversalHookX\src\sdk\AkAudio_structs.hpp(264,2): warning C4369: "SDK::EAkMidiEventType::EAkMidiEventType_MAX": значение перечислителя "256" не может быть представлено как "unsigned char", значение — "256"
  (компиляция исходного файла "src/sdk/OPP_functions.cpp")
  
C:\Users\Beerymaid\source\repos\UniversalHookX\UniversalHookX\src\sdk\Engine_functions.cpp(20042,128): warning C4099: SDK::FField: имя типа, ранее отображенное с помощью "class", теперь отображено с помощью "struct"
  C:\Users\Beerymaid\source\repos\UniversalHookX\UniversalHookX\src\sdk\Basic.hpp(1022,7):
   см. объявление "SDK::FField"
  
C:\Users\Beerymaid\source\repos\UniversalHookX\UniversalHookX\src\sdk\Engine_functions.cpp(1,1): error C1128: число секций превышает предел формата объектного файла: компилировать с /bigobj
C:\Users\Beerymaid\source\repos\UniversalHookX\UniversalHookX\src\sdk\OPP_functions.cpp(1,1): error C1128: число секций превышает предел формата объектного файла: компилировать с /bigobj
cl : командная строка  error D8040: ошибка при создании или взаимодействии с дочерним процессом
