C:\Program Files\Microsoft Visual Studio\2022\Community\MSBuild\Microsoft\VC\v170\Microsoft.CppBuild.targets(531,5): warning MSB8028: промежуточный каталог (.\obj\Release x64\) содержит файлы, которые используются совместно с другим проектом (UniversalHookX.vcxproj).  Это может привести к ошибкам очистки и перестроения.
  console.cpp
  imgui.cpp
  imgui_demo.cpp
  imgui_draw.cpp
  imgui_impl_dx10.cpp
  imgui_impl_dx11.cpp
  imgui_impl_dx12.cpp
  imgui_impl_dx9.cpp
  imgui_impl_opengl3.cpp
  imgui_impl_win32.cpp
  imgui_tables.cpp
  imgui_widgets.cpp
  dllmain.cpp
  hook_directx10.cpp
  hook_directx11.cpp
  hook_directx12.cpp
  hook_directx9.cpp
  hook_opengl.cpp
  hook_vulkan.cpp
  hooks.cpp
  menu.cpp
  Basic.cpp
  CoreUObject_functions.cpp
  Engine_functions.cpp
  OPP_functions.cpp
  utils.cpp
  buffer.c
  hde32.c
  hde64.c
  hook.c
  trampoline.c
  Создание кода
  16 of 2857 functions ( 0.6%) were compiled, the rest were copied from previous compilation.
    0 functions were new in current compilation
    106 functions had inline decision re-evaluated but remain unchanged
  Создание кода завершено
  Total.vcxproj -> C:\Users\Beerymaid\source\repos\Total\Total\bin\Total-x64.dll
