C:\Program Files\Microsoft Visual Studio\2022\Community\MSBuild\Microsoft\VC\v170\Microsoft.CppBuild.targets(531,5): warning MSB8028: промежуточный каталог (.\obj\Release x64\) содержит файлы, которые используются совместно с другим проектом (UniversalHookX.vcxproj).  Это может привести к ошибкам очистки и перестроения.
  console.cpp
  imgui.cpp
  imgui_demo.cpp
  imgui_draw.cpp
  imgui_impl_dx10.cpp
  imgui_impl_dx11.cpp
  imgui_impl_dx9.cpp
  imgui_impl_opengl3.cpp
  imgui_impl_win32.cpp
  imgui_tables.cpp
  imgui_widgets.cpp
  dllmain.cpp
  hook_directx11.cpp
  hook_directx12.cpp
  hook_directx9.cpp
  hook_directx10.cpp
  hook_opengl.cpp
  hook_vulkan.cpp
  hooks.cpp
  menu.cpp
  Basic.cpp
  CoreUObject_functions.cpp
  Engine_functions.cpp
  OPP_functions.cpp
  utils.cpp
  imgui_impl_dx12.cpp
  buffer.c
  hde32.c
  hde64.c
  hook.c
  trampoline.c
  Создание кода
  Previous IPDB not found, fall back to full compilation.
  All 2100 functions were compiled because no usable IPDB/IOBJ from previous compilation was found.
  Создание кода завершено
  UniversalHookX.vcxproj -> C:\Users\Beerymaid\source\repos\UniversalHookX\UniversalHookX\bin\Total-x64.dll
